  1005_main.cpp
C:\Duksung\3 학년 2 학기\컴퓨터그래픽스\source\1005_3D_Graphics_HW\1005_3D_Graphics_HW\1005_main.cpp(16,35): warning C4305: '인수': 'double'에서 'GLfloat'(으)로 잘립니다.
C:\Duksung\3 학년 2 학기\컴퓨터그래픽스\source\1005_3D_Graphics_HW\1005_3D_Graphics_HW\1005_main.cpp(17,37): warning C4305: '인수': 'double'에서 'GLfloat'(으)로 잘립니다.
C:\Duksung\3 학년 2 학기\컴퓨터그래픽스\source\1005_3D_Graphics_HW\1005_3D_Graphics_HW\1005_main.cpp(18,29): warning C4305: '인수': 'double'에서 'GLfloat'(으)로 잘립니다.
C:\Duksung\3 학년 2 학기\컴퓨터그래픽스\source\1005_3D_Graphics_HW\1005_3D_Graphics_HW\1005_main.cpp(19,37): warning C4305: '인수': 'double'에서 'GLfloat'(으)로 잘립니다.
C:\Duksung\3 학년 2 학기\컴퓨터그래픽스\source\1005_3D_Graphics_HW\1005_3D_Graphics_HW\1005_main.cpp(21,37): warning C4305: '인수': 'double'에서 'GLfloat'(으)로 잘립니다.
C:\Duksung\3 학년 2 학기\컴퓨터그래픽스\source\1005_3D_Graphics_HW\1005_3D_Graphics_HW\1005_main.cpp(22,37): warning C4305: '인수': 'double'에서 'GLfloat'(으)로 잘립니다.
C:\Duksung\3 학년 2 학기\컴퓨터그래픽스\source\1005_3D_Graphics_HW\1005_3D_Graphics_HW\1005_main.cpp(23,37): warning C4305: '인수': 'double'에서 'GLfloat'(으)로 잘립니다.
C:\Duksung\3 학년 2 학기\컴퓨터그래픽스\source\1005_3D_Graphics_HW\1005_3D_Graphics_HW\1005_main.cpp(24,29): warning C4305: '인수': 'double'에서 'GLfloat'(으)로 잘립니다.
C:\Duksung\3 학년 2 학기\컴퓨터그래픽스\source\1005_3D_Graphics_HW\1005_3D_Graphics_HW\1005_main.cpp(25,37): warning C4305: '인수': 'double'에서 'GLfloat'(으)로 잘립니다.
C:\Duksung\3 학년 2 학기\컴퓨터그래픽스\source\1005_3D_Graphics_HW\1005_3D_Graphics_HW\1005_main.cpp(128,19): warning C4305: '+=': 'double'에서 'GLfloat'(으)로 잘립니다.
C:\Duksung\3 학년 2 학기\컴퓨터그래픽스\source\1005_3D_Graphics_HW\1005_3D_Graphics_HW\1005_main.cpp(174,38): warning C4305: '-=': 'double'에서 'GLfloat'(으)로 잘립니다.
C:\Duksung\3 학년 2 학기\컴퓨터그래픽스\source\1005_3D_Graphics_HW\1005_3D_Graphics_HW\1005_main.cpp(175,47): warning C4305: '-=': 'double'에서 'GLfloat'(으)로 잘립니다.
C:\Duksung\3 학년 2 학기\컴퓨터그래픽스\source\1005_3D_Graphics_HW\1005_3D_Graphics_HW\1005_main.cpp(176,48): warning C4305: '-=': 'double'에서 'GLfloat'(으)로 잘립니다.
C:\Duksung\3 학년 2 학기\컴퓨터그래픽스\source\1005_3D_Graphics_HW\1005_3D_Graphics_HW\1005_main.cpp(177,45): warning C4305: '-=': 'double'에서 'GLfloat'(으)로 잘립니다.
C:\Duksung\3 학년 2 학기\컴퓨터그래픽스\source\1005_3D_Graphics_HW\1005_3D_Graphics_HW\1005_main.cpp(181,38): warning C4305: '+=': 'double'에서 'GLfloat'(으)로 잘립니다.
C:\Duksung\3 학년 2 학기\컴퓨터그래픽스\source\1005_3D_Graphics_HW\1005_3D_Graphics_HW\1005_main.cpp(182,47): warning C4305: '+=': 'double'에서 'GLfloat'(으)로 잘립니다.
C:\Duksung\3 학년 2 학기\컴퓨터그래픽스\source\1005_3D_Graphics_HW\1005_3D_Graphics_HW\1005_main.cpp(183,48): warning C4305: '+=': 'double'에서 'GLfloat'(으)로 잘립니다.
C:\Duksung\3 학년 2 학기\컴퓨터그래픽스\source\1005_3D_Graphics_HW\1005_3D_Graphics_HW\1005_main.cpp(184,45): warning C4305: '+=': 'double'에서 'GLfloat'(으)로 잘립니다.
C:\Duksung\3 학년 2 학기\컴퓨터그래픽스\source\1005_3D_Graphics_HW\1005_3D_Graphics_HW\1005_main.cpp(188,36): warning C4305: '-=': 'double'에서 'GLfloat'(으)로 잘립니다.
C:\Duksung\3 학년 2 학기\컴퓨터그래픽스\source\1005_3D_Graphics_HW\1005_3D_Graphics_HW\1005_main.cpp(189,42): warning C4305: '-=': 'double'에서 'GLfloat'(으)로 잘립니다.
C:\Duksung\3 학년 2 학기\컴퓨터그래픽스\source\1005_3D_Graphics_HW\1005_3D_Graphics_HW\1005_main.cpp(190,43): warning C4305: '-=': 'double'에서 'GLfloat'(으)로 잘립니다.
C:\Duksung\3 학년 2 학기\컴퓨터그래픽스\source\1005_3D_Graphics_HW\1005_3D_Graphics_HW\1005_main.cpp(191,40): warning C4305: '-=': 'double'에서 'GLfloat'(으)로 잘립니다.
C:\Duksung\3 학년 2 학기\컴퓨터그래픽스\source\1005_3D_Graphics_HW\1005_3D_Graphics_HW\1005_main.cpp(195,38): warning C4305: '+=': 'double'에서 'GLfloat'(으)로 잘립니다.
C:\Duksung\3 학년 2 학기\컴퓨터그래픽스\source\1005_3D_Graphics_HW\1005_3D_Graphics_HW\1005_main.cpp(196,45): warning C4305: '+=': 'double'에서 'GLfloat'(으)로 잘립니다.
C:\Duksung\3 학년 2 학기\컴퓨터그래픽스\source\1005_3D_Graphics_HW\1005_3D_Graphics_HW\1005_main.cpp(197,46): warning C4305: '+=': 'double'에서 'GLfloat'(으)로 잘립니다.
C:\Duksung\3 학년 2 학기\컴퓨터그래픽스\source\1005_3D_Graphics_HW\1005_3D_Graphics_HW\1005_main.cpp(198,43): warning C4305: '+=': 'double'에서 'GLfloat'(으)로 잘립니다.
  1005_3D_Graphics_HW.vcxproj -> C:\Duksung\3 학년 2 학기\컴퓨터그래픽스\source\1005_3D_Graphics_HW\Debug\1005_3D_Graphics_HW.exe
